<?xml version="1.0" encoding="UTF-8"?>
<testng-results ignored="0" total="1" passed="1" failed="0" skipped="0">
  <reporter-output>
  </reporter-output>
  <suite started-at="2022-09-12T23:57:55 IST" name="Default suite" finished-at="2022-09-12T23:58:02 IST" duration-ms="6263">
    <groups>
    </groups>
    <test started-at="2022-09-12T23:57:55 IST" name="Default test" finished-at="2022-09-12T23:58:02 IST" duration-ms="6263">
      <class name="rahulshettyacademy.ExtentReports.ExtentReportsDemo">
        <test-method is-config="true" signature="config()[pri:0, instance:rahulshettyacademy.ExtentReports.ExtentReportsDemo@130c12b7]" started-at="2022-09-12T23:57:55 IST" name="config" finished-at="2022-09-12T23:57:56 IST" duration-ms="362" status="PASS">
          <reporter-output>
          </reporter-output>
        </test-method> <!-- config -->
        <test-method signature="initialDemo()[pri:0, instance:rahulshettyacademy.ExtentReports.ExtentReportsDemo@130c12b7]" started-at="2022-09-12T23:57:56 IST" name="initialDemo" finished-at="2022-09-12T23:58:02 IST" duration-ms="5834" status="PASS">
          <reporter-output>
          </reporter-output>
        </test-method> <!-- initialDemo -->
      </class> <!-- rahulshettyacademy.ExtentReports.ExtentReportsDemo -->
    </test> <!-- Default test -->
  </suite> <!-- Default suite -->
</testng-results>
